[debug] [2018-11-01T01:39:18.000Z] ----------------------------------------------------------------------
[debug] [2018-11-01T01:39:18.003Z] Command:       /usr/local/bin/node /usr/local/bin/firebase init
[debug] [2018-11-01T01:39:18.003Z] CLI Version:   6.0.0
[debug] [2018-11-01T01:39:18.003Z] Platform:      darwin
[debug] [2018-11-01T01:39:18.003Z] Node Version:  v11.0.0
[debug] [2018-11-01T01:39:18.004Z] Time:          Wed Oct 31 2018 19:39:18 GMT-0600 (Central Standard Time)
[debug] [2018-11-01T01:39:18.004Z] ----------------------------------------------------------------------
[debug] 
[debug] [2018-11-01T01:39:18.015Z] > command requires scopes: ["email","openid","https://www.googleapis.com/auth/cloudplatformprojects.readonly","https://www.googleapis.com/auth/firebase","https://www.googleapis.com/auth/cloud-platform"]
[debug] [2018-11-01T01:39:18.015Z] > authorizing via signed-in user
[info] 
     🔥🔥🔥🔥🔥🔥🔥🔥 🔥🔥🔥🔥 🔥🔥🔥🔥🔥🔥🔥🔥  🔥🔥🔥🔥🔥🔥🔥🔥 🔥🔥🔥🔥🔥🔥🔥🔥     🔥🔥🔥     🔥🔥🔥🔥🔥🔥  🔥🔥🔥🔥🔥🔥🔥🔥
     🔥🔥        🔥🔥  🔥🔥     🔥🔥 🔥🔥       🔥🔥     🔥🔥  🔥🔥   🔥🔥  🔥🔥       🔥🔥
     🔥🔥🔥🔥🔥🔥    🔥🔥  🔥🔥🔥🔥🔥🔥🔥🔥  🔥🔥🔥🔥🔥🔥   🔥🔥🔥🔥🔥🔥🔥🔥  🔥🔥🔥🔥🔥🔥🔥🔥🔥  🔥🔥🔥🔥🔥🔥  🔥🔥🔥🔥🔥🔥
     🔥🔥        🔥🔥  🔥🔥    🔥🔥  🔥🔥       🔥🔥     🔥🔥 🔥🔥     🔥🔥       🔥🔥 🔥🔥
     🔥🔥       🔥🔥🔥🔥 🔥🔥     🔥🔥 🔥🔥🔥🔥🔥🔥🔥🔥 🔥🔥🔥🔥🔥🔥🔥🔥  🔥🔥     🔥🔥  🔥🔥🔥🔥🔥🔥  🔥🔥🔥🔥🔥🔥🔥🔥

You're about to initialize a Firebase project in this directory:

  /Users/macbookpro/Documents/CARPETA V_CODE/semana_8/dia_3

[info] 
=== Project Setup
[info] 
[info] First, let's associate this project directory with a Firebase project.
[info] You can create multiple project aliases by running firebase use --add, 
[info] but for now we'll just set up a default project.
[info] 
[debug] [2018-11-01T01:39:35.892Z] > refreshing access token with scopes: ["email","https://www.googleapis.com/auth/cloud-platform","https://www.googleapis.com/auth/cloudplatformprojects.readonly","https://www.googleapis.com/auth/firebase","openid"]
[debug] [2018-11-01T01:39:35.892Z] >>> HTTP REQUEST POST https://www.googleapis.com/oauth2/v3/token  
 <request body omitted>
[debug] [2018-11-01T01:39:36.581Z] <<< HTTP RESPONSE 200
[debug] [2018-11-01T01:39:36.770Z] >>> HTTP REQUEST GET https://firebase.googleapis.com/v1beta1/projects?page_size=100  
 
[debug] [2018-11-01T01:39:37.236Z] <<< HTTP RESPONSE 200
[debug] [2018-11-01T01:39:37.590Z] TypeError: Cannot read property 'projectId' of undefined
    at /usr/local/lib/node_modules/firebase-tools/lib/init/features/project.js:30:31
    at arrayMap (/usr/local/lib/node_modules/firebase-tools/node_modules/lodash/lodash.js:639:23)
    at Function.map (/usr/local/lib/node_modules/firebase-tools/node_modules/lodash/lodash.js:9556:14)
    at /usr/local/lib/node_modules/firebase-tools/lib/init/features/project.js:28:25
    at process.internalTickCallback (internal/process/next_tick.js:77:7)
[error] 
[error] Error: An unexpected error has occurred.
